2025-05-20 22:50:23,112 - INFO - Обновление списка URL...
2025-05-20 22:50:24,363 - INFO - Найдено 15 ссылок для France
2025-05-20 22:50:28,546 - INFO - Найдено 15 ссылок для France
2025-05-20 22:50:33,863 - INFO - Найдено 15 ссылок для France
2025-05-20 22:50:38,461 - INFO - Найдено 15 ссылок для France
2025-05-20 22:50:44,742 - INFO - Найдено 15 ссылок для France
2025-05-20 22:50:49,367 - INFO - Найдено 15 ссылок для France
2025-05-20 22:50:53,116 - INFO - Найдено 15 ссылок для France
2025-05-20 22:50:56,605 - INFO - Найдено 15 ссылок для France
2025-05-20 22:51:00,166 - INFO - Найдено 15 ссылок для France
2025-05-20 22:51:05,835 - INFO - Найдено 15 ссылок для France
2025-05-20 22:51:08,594 - INFO - Найдено 15 ссылок для France
2025-05-20 22:51:14,214 - INFO - Найдено 15 ссылок для France
2025-05-20 22:51:17,582 - INFO - Найдено 15 ссылок для France
2025-05-20 22:51:21,691 - INFO - Найдено 15 ссылок для France
2025-05-20 22:51:26,740 - INFO - Найдено 15 ссылок для France
2025-05-20 22:51:31,534 - INFO - Найдено 15 ссылок для France
2025-05-20 22:51:35,757 - INFO - Найдено 15 ссылок для France
2025-05-20 22:51:40,112 - INFO - Найдено 15 ссылок для France
2025-05-20 22:51:44,495 - INFO - Найдено 15 ссылок для France
2025-05-20 22:51:47,986 - INFO - Найдено 15 ссылок для France
2025-05-20 22:51:53,186 - INFO - Найдено 15 ссылок для France
2025-05-20 22:51:56,908 - INFO - Найдено 15 ссылок для France
2025-05-20 22:52:02,741 - INFO - Найдено 15 ссылок для France
2025-05-20 22:52:08,326 - INFO - Найдено 15 ссылок для France
2025-05-20 22:52:11,286 - INFO - Найдено 15 ссылок для France
2025-05-20 22:52:14,999 - INFO - Найдено 15 ссылок для France
2025-05-20 22:52:18,898 - INFO - Найдено 15 ссылок для France
2025-05-20 22:52:21,741 - INFO - Найдено 15 ссылок для France
2025-05-20 22:52:25,135 - INFO - Найдено 15 ссылок для France
2025-05-20 22:52:29,550 - INFO - Найдено 15 ссылок для France
2025-05-20 22:52:34,677 - INFO - Найдено 15 ссылок для France
2025-05-20 22:52:39,244 - INFO - Найдено 15 ссылок для France
2025-05-20 22:52:43,602 - INFO - Найдено 15 ссылок для France
2025-05-20 22:52:46,125 - INFO - Найдено 15 ссылок для France
2025-05-20 22:52:48,475 - INFO - Найдено 15 ссылок для France
2025-05-20 22:52:52,672 - INFO - Найдено 15 ссылок для France
2025-05-20 22:52:56,753 - INFO - Найдено 15 ссылок для France
2025-05-20 22:53:01,014 - INFO - Найдено 15 ссылок для France
2025-05-20 22:53:06,340 - INFO - Найдено 15 ссылок для France
2025-05-20 22:53:10,460 - INFO - Найдено 15 ссылок для France
2025-05-20 22:53:13,004 - INFO - Найдено 15 ссылок для France
2025-05-20 22:53:16,467 - INFO - Найдено 15 ссылок для France
2025-05-20 22:53:18,928 - INFO - Найдено 15 ссылок для France
2025-05-20 22:53:21,945 - INFO - Найдено 15 ссылок для France
2025-05-20 22:53:24,561 - INFO - Найдено 15 ссылок для France
2025-05-20 22:53:29,830 - INFO - Найдено 15 ссылок для France
2025-05-20 22:53:33,477 - INFO - Найдено 15 ссылок для France
2025-05-20 22:53:36,632 - INFO - Найдено 15 ссылок для France
2025-05-20 22:53:40,041 - INFO - Найдено 15 ссылок для France
2025-05-20 22:53:44,052 - INFO - Найдено 15 ссылок для France
2025-05-20 22:53:46,926 - INFO - Найдено 15 ссылок для France
2025-05-20 22:53:50,292 - INFO - Найдено 15 ссылок для France
2025-05-20 22:53:53,680 - INFO - Найдено 15 ссылок для France
2025-05-20 22:53:56,630 - INFO - Найдено 15 ссылок для France
2025-05-20 22:54:00,620 - INFO - Найдено 15 ссылок для France
2025-05-20 22:54:05,636 - INFO - Найдено 15 ссылок для France
2025-05-20 22:54:41,589 - INFO - Обновление списка URL...
2025-05-20 22:54:42,997 - INFO - Найдено 17 ссылок для France
2025-05-20 22:54:47,422 - INFO - Найдено 17 ссылок для France
2025-05-20 22:54:52,311 - INFO - Найдено 17 ссылок для France
2025-05-20 22:54:57,886 - INFO - Найдено 17 ссылок для France
2025-05-20 22:55:06,077 - INFO - Найдено 17 ссылок для France
2025-05-20 22:55:11,211 - INFO - Найдено 17 ссылок для France
2025-05-20 22:55:18,244 - INFO - Найдено 17 ссылок для France
2025-05-20 22:55:23,332 - INFO - Найдено 17 ссылок для France
2025-05-20 22:55:27,984 - INFO - Найдено 17 ссылок для France
2025-05-20 22:55:32,703 - INFO - Найдено 17 ссылок для France
2025-05-20 22:55:39,039 - INFO - Найдено 17 ссылок для France
2025-05-20 22:55:43,125 - INFO - Найдено 17 ссылок для France
2025-05-20 22:55:49,041 - INFO - Найдено 17 ссылок для France
2025-05-20 22:55:56,617 - INFO - Найдено 17 ссылок для France
2025-05-20 22:56:03,029 - INFO - Найдено 17 ссылок для France
2025-05-20 22:56:07,792 - INFO - Найдено 17 ссылок для France
2025-05-20 22:56:12,796 - INFO - Найдено 17 ссылок для France
2025-05-20 22:56:16,568 - INFO - Найдено 17 ссылок для France
2025-05-20 23:04:38,450 - INFO - Файл parser.log доступен для записи
2025-05-20 23:04:38,451 - INFO - Обновление списка URL...
2025-05-20 23:04:39,744 - INFO - Найдено 21 ссылок для France
2025-05-20 23:04:48,782 - INFO - Найдено 21 ссылок для France
2025-05-20 23:04:56,402 - INFO - Найдено 21 ссылок для France
2025-05-20 23:05:03,006 - INFO - Найдено 21 ссылок для France
2025-05-20 23:05:11,447 - INFO - Найдено 21 ссылок для France
2025-05-20 23:05:19,184 - INFO - Найдено 21 ссылок для France
2025-05-20 23:05:27,002 - INFO - Найдено 21 ссылок для France
2025-05-20 23:05:35,785 - INFO - Найдено 21 ссылок для France
2025-05-20 23:05:44,912 - INFO - Найдено 21 ссылок для France
2025-05-20 23:05:54,628 - INFO - Найдено 21 ссылок для France
2025-05-20 23:06:03,663 - INFO - Найдено 21 ссылок для France
2025-05-20 23:06:12,475 - INFO - Найдено 21 ссылок для France
2025-05-20 23:06:18,558 - INFO - Найдено 21 ссылок для France
2025-05-24 10:19:17,994 - INFO - База данных инициализирована
2025-05-24 10:19:17,995 - INFO - Файл parser.log доступен для записи
2025-05-24 10:19:17,995 - INFO - Загружено 0 email и 0 телефонов из базы
2025-05-24 10:19:17,996 - INFO - Обновление списка URL...
2025-05-24 10:19:17,996 - INFO - Загружено 0 обработанных URL
2025-05-24 10:19:17,996 - INFO - Сбор URL через Google
2025-05-24 10:19:17,996 - INFO - Запрос к Google: https://www.google.com/search?q=site%3A.fr%20real%20estate%20agency%20France&start=0
2025-05-24 10:19:18,593 - INFO - Найдено 23 ссылок для France через Google
2025-05-24 10:19:23,750 - INFO - Запрос к Google: https://www.google.com/search?q=site%3A.fr%20real%20estate%20agency%20France&start=10
2025-05-24 10:19:23,993 - INFO - Найдено 23 ссылок для France через Google
2025-05-24 10:19:32,716 - INFO - Запрос к Google: https://www.google.com/search?q=site%3A.fr%20real%20estate%20agency%20France&start=20
2025-05-24 10:19:32,940 - INFO - Найдено 23 ссылок для France через Google
2025-05-24 10:19:40,252 - INFO - Запрос к Google: https://www.google.com/search?q=site%3A.fr%20real%20estate%20agency%20France&start=30
2025-05-24 10:19:40,452 - INFO - Найдено 23 ссылок для France через Google
2025-05-24 10:19:47,963 - INFO - Запрос к Google: https://www.google.com/search?q=site%3A.fr%20real%20estate%20agency%20France&start=40
2025-05-24 10:19:48,157 - INFO - Найдено 23 ссылок для France через Google
2025-05-24 10:19:54,700 - INFO - Запрос к Google: https://www.google.com/search?q=site%3A.fr%20immobilier%20agence%20France&start=0
2025-05-24 10:19:54,943 - INFO - Найдено 23 ссылок для France через Google
2025-05-24 10:20:01,243 - INFO - Запрос к Google: https://www.google.com/search?q=site%3A.fr%20immobilier%20agence%20France&start=10
2025-05-24 10:20:01,441 - INFO - Найдено 23 ссылок для France через Google
2025-05-24 10:20:06,640 - INFO - Запрос к Google: https://www.google.com/search?q=site%3A.fr%20immobilier%20agence%20France&start=20
2025-05-24 10:20:06,929 - INFO - Найдено 23 ссылок для France через Google
2025-05-24 10:20:11,987 - INFO - Запрос к Google: https://www.google.com/search?q=site%3A.fr%20immobilier%20agence%20France&start=30
2025-05-24 10:20:12,725 - INFO - Найдено 23 ссылок для France через Google
2025-05-24 10:20:18,110 - INFO - Запрос к Google: https://www.google.com/search?q=site%3A.fr%20immobilier%20agence%20France&start=40
2025-05-24 10:20:19,208 - INFO - Найдено 23 ссылок для France через Google
2025-05-24 10:20:26,615 - INFO - Запрос к Google: https://www.google.com/search?q=site%3A.fr%20agence%20immobili%C3%A8re%20France&start=0
2025-05-24 10:20:27,252 - INFO - Найдено 23 ссылок для France через Google
2025-05-24 10:20:35,086 - INFO - Запрос к Google: https://www.google.com/search?q=site%3A.fr%20agence%20immobili%C3%A8re%20France&start=10
2025-05-24 10:20:35,857 - INFO - Найдено 23 ссылок для France через Google
2025-05-24 10:20:41,061 - INFO - Запрос к Google: https://www.google.com/search?q=site%3A.fr%20agence%20immobili%C3%A8re%20France&start=20
2025-05-24 10:20:41,812 - INFO - Найдено 23 ссылок для France через Google
2025-05-24 10:20:50,890 - INFO - Запрос к Google: https://www.google.com/search?q=site%3A.fr%20agence%20immobili%C3%A8re%20France&start=30
2025-05-24 10:20:51,545 - INFO - Найдено 23 ссылок для France через Google
2025-05-24 10:20:59,567 - INFO - Запрос к Google: https://www.google.com/search?q=site%3A.fr%20agence%20immobili%C3%A8re%20France&start=40
2025-05-24 10:21:00,412 - INFO - Найдено 23 ссылок для France через Google
2025-05-24 10:21:06,230 - INFO - Запрос к Google: https://www.google.com/search?q=site%3A.fr%20real%20estate%20agents%20France&start=0
2025-05-24 10:21:07,053 - INFO - Найдено 23 ссылок для France через Google
2025-05-24 10:21:15,735 - INFO - Запрос к Google: https://www.google.com/search?q=site%3A.fr%20real%20estate%20agents%20France&start=10
2025-05-24 10:21:16,859 - INFO - Найдено 23 ссылок для France через Google
2025-05-24 10:21:26,055 - INFO - Запрос к Google: https://www.google.com/search?q=site%3A.fr%20real%20estate%20agents%20France&start=20
2025-05-24 10:21:26,766 - INFO - Найдено 23 ссылок для France через Google
2025-05-24 10:21:33,714 - INFO - Запрос к Google: https://www.google.com/search?q=site%3A.fr%20real%20estate%20agents%20France&start=30
2025-05-24 10:21:34,265 - INFO - Найдено 23 ссылок для France через Google
2025-05-24 10:21:42,028 - INFO - Запрос к Google: https://www.google.com/search?q=site%3A.fr%20real%20estate%20agents%20France&start=40
2025-05-24 10:21:42,633 - INFO - Найдено 23 ссылок для France через Google
2025-05-24 10:21:49,908 - INFO - Запрос к Google: https://www.google.com/search?q=site%3A.fr%20luxury%20real%20estate%20France&start=0
2025-05-24 10:21:50,591 - INFO - Найдено 23 ссылок для France через Google
2025-05-24 10:21:56,453 - INFO - Запрос к Google: https://www.google.com/search?q=site%3A.fr%20luxury%20real%20estate%20France&start=10
2025-05-24 10:21:57,192 - INFO - Найдено 23 ссылок для France через Google
2025-05-24 10:22:06,772 - INFO - Запрос к Google: https://www.google.com/search?q=site%3A.fr%20luxury%20real%20estate%20France&start=20
2025-05-24 10:22:07,741 - INFO - Найдено 23 ссылок для France через Google
2025-05-24 10:22:14,683 - INFO - Запрос к Google: https://www.google.com/search?q=site%3A.fr%20luxury%20real%20estate%20France&start=30
2025-05-24 10:22:15,409 - INFO - Найдено 23 ссылок для France через Google
2025-05-24 10:22:22,808 - INFO - Запрос к Google: https://www.google.com/search?q=site%3A.fr%20luxury%20real%20estate%20France&start=40
2025-05-24 10:22:23,906 - INFO - Найдено 23 ссылок для France через Google
2025-05-24 10:22:30,095 - INFO - Запрос к Google: https://www.google.com/search?q=site%3A.fr%20property%20management%20France&start=0
2025-05-24 10:22:30,684 - INFO - Найдено 23 ссылок для France через Google
2025-05-24 10:22:37,781 - INFO - Запрос к Google: https://www.google.com/search?q=site%3A.fr%20property%20management%20France&start=10
2025-05-24 10:22:38,419 - INFO - Найдено 23 ссылок для France через Google
2025-05-24 10:22:47,685 - INFO - Запрос к Google: https://www.google.com/search?q=site%3A.fr%20property%20management%20France&start=20
2025-05-24 10:22:48,263 - INFO - Найдено 23 ссылок для France через Google
2025-05-24 10:22:55,288 - INFO - Запрос к Google: https://www.google.com/search?q=site%3A.fr%20property%20management%20France&start=30
2025-05-24 10:22:55,821 - INFO - Найдено 23 ссылок для France через Google
2025-05-24 10:23:01,677 - INFO - Запрос к Google: https://www.google.com/search?q=site%3A.fr%20property%20management%20France&start=40
2025-05-24 10:23:02,487 - INFO - Найдено 23 ссылок для France через Google
2025-05-24 10:23:10,074 - INFO - Запрос к Google: https://www.google.com/search?q=site%3A.fr%20realtor%20France&start=0
2025-05-24 10:23:10,835 - INFO - Найдено 23 ссылок для France через Google
2025-05-24 10:23:19,100 - INFO - Запрос к Google: https://www.google.com/search?q=site%3A.fr%20realtor%20France&start=10
2025-05-24 10:23:19,726 - INFO - Найдено 23 ссылок для France через Google
2025-05-24 10:23:29,359 - INFO - Запрос к Google: https://www.google.com/search?q=site%3A.fr%20realtor%20France&start=20
2025-05-24 10:23:30,068 - INFO - Найдено 23 ссылок для France через Google
2025-05-24 10:23:36,273 - INFO - Запрос к Google: https://www.google.com/search?q=site%3A.fr%20realtor%20France&start=30
2025-05-24 10:23:36,869 - INFO - Найдено 23 ссылок для France через Google
2025-05-24 10:23:44,484 - INFO - Запрос к Google: https://www.google.com/search?q=site%3A.fr%20realtor%20France&start=40
2025-05-24 10:23:45,064 - INFO - Найдено 23 ссылок для France через Google
2025-05-24 10:23:50,251 - INFO - Запрос к Google: https://www.google.com/search?q=site%3A.fr%20estate%20broker%20France&start=0
2025-05-24 10:23:50,943 - INFO - Найдено 23 ссылок для France через Google
2025-05-24 10:23:56,352 - INFO - Запрос к Google: https://www.google.com/search?q=site%3A.fr%20estate%20broker%20France&start=10
2025-05-24 10:23:56,990 - INFO - Найдено 23 ссылок для France через Google
2025-05-24 10:24:04,717 - INFO - Запрос к Google: https://www.google.com/search?q=site%3A.fr%20estate%20broker%20France&start=20
2025-05-24 10:24:05,329 - INFO - Найдено 23 ссылок для France через Google
2025-05-24 10:24:11,545 - INFO - Запрос к Google: https://www.google.com/search?q=site%3A.fr%20estate%20broker%20France&start=30
2025-05-24 10:24:12,111 - INFO - Найдено 23 ссылок для France через Google
2025-05-24 10:24:18,698 - INFO - Запрос к Google: https://www.google.com/search?q=site%3A.fr%20estate%20broker%20France&start=40
2025-05-24 10:24:19,512 - INFO - Найдено 23 ссылок для France через Google
2025-05-24 10:24:25,064 - INFO - Запрос к Google: https://www.google.com/search?q=site%3A.fr%20immobilienmakler%20France&start=0
2025-05-24 10:24:25,592 - INFO - Найдено 23 ссылок для France через Google
2025-05-24 10:24:31,436 - INFO - Запрос к Google: https://www.google.com/search?q=site%3A.fr%20immobilienmakler%20France&start=10
2025-05-24 10:24:32,213 - INFO - Найдено 23 ссылок для France через Google
2025-05-24 10:24:40,134 - INFO - Запрос к Google: https://www.google.com/search?q=site%3A.fr%20immobilienmakler%20France&start=20
2025-05-24 10:24:40,912 - INFO - Найдено 23 ссылок для France через Google
2025-05-24 10:24:50,098 - INFO - Запрос к Google: https://www.google.com/search?q=site%3A.fr%20immobilienmakler%20France&start=30
2025-05-24 10:24:50,637 - INFO - Найдено 23 ссылок для France через Google
2025-05-24 10:24:57,647 - INFO - Запрос к Google: https://www.google.com/search?q=site%3A.fr%20immobilienmakler%20France&start=40
2025-05-24 10:24:58,197 - INFO - Найдено 23 ссылок для France через Google
2025-05-24 10:25:04,188 - INFO - Запрос к Google: https://www.google.com/search?q=site%3A.fr%20inmobiliaria%20France&start=0
2025-05-24 10:25:04,974 - INFO - Найдено 23 ссылок для France через Google
2025-05-24 10:25:13,503 - INFO - Запрос к Google: https://www.google.com/search?q=site%3A.fr%20inmobiliaria%20France&start=10
2025-05-24 10:25:14,301 - INFO - Найдено 23 ссылок для France через Google
2025-05-24 10:25:23,337 - INFO - Запрос к Google: https://www.google.com/search?q=site%3A.fr%20inmobiliaria%20France&start=20
2025-05-24 10:25:24,209 - INFO - Найдено 23 ссылок для France через Google
2025-05-24 10:25:33,103 - INFO - Запрос к Google: https://www.google.com/search?q=site%3A.fr%20inmobiliaria%20France&start=30
2025-05-24 10:25:33,754 - INFO - Найдено 23 ссылок для France через Google
2025-05-24 10:25:43,384 - INFO - Запрос к Google: https://www.google.com/search?q=site%3A.fr%20inmobiliaria%20France&start=40
2025-05-24 10:25:44,431 - INFO - Найдено 23 ссылок для France через Google
2025-05-24 10:25:52,751 - INFO - Запрос к Google: https://www.google.com/search?q=site%3A.de%20real%20estate%20agency%20Germany&start=0
2025-05-24 10:25:53,283 - INFO - Найдено 23 ссылок для Germany через Google
2025-05-24 10:26:02,692 - INFO - Запрос к Google: https://www.google.com/search?q=site%3A.de%20real%20estate%20agency%20Germany&start=10
2025-05-24 10:26:03,243 - INFO - Найдено 23 ссылок для Germany через Google
2025-05-24 10:26:12,815 - INFO - Запрос к Google: https://www.google.com/search?q=site%3A.de%20real%20estate%20agency%20Germany&start=20
2025-05-24 10:26:13,320 - INFO - Найдено 23 ссылок для Germany через Google
2025-05-24 10:26:20,182 - INFO - Запрос к Google: https://www.google.com/search?q=site%3A.de%20real%20estate%20agency%20Germany&start=30
2025-05-24 10:26:20,769 - INFO - Найдено 23 ссылок для Germany через Google
2025-05-24 10:26:30,764 - INFO - Запрос к Google: https://www.google.com/search?q=site%3A.de%20real%20estate%20agency%20Germany&start=40
2025-05-24 10:26:31,320 - INFO - Найдено 23 ссылок для Germany через Google
2025-05-24 10:26:40,824 - INFO - Запрос к Google: https://www.google.com/search?q=site%3A.de%20immobilier%20agence%20Germany&start=0
2025-05-24 10:26:41,524 - INFO - Найдено 23 ссылок для Germany через Google
2025-05-24 10:26:51,313 - INFO - Запрос к Google: https://www.google.com/search?q=site%3A.de%20immobilier%20agence%20Germany&start=10
2025-05-24 10:26:52,320 - INFO - Найдено 23 ссылок для Germany через Google
2025-05-24 10:26:59,647 - INFO - Запрос к Google: https://www.google.com/search?q=site%3A.de%20immobilier%20agence%20Germany&start=20
2025-05-24 10:27:00,165 - INFO - Найдено 23 ссылок для Germany через Google
2025-05-24 10:27:07,510 - INFO - Запрос к Google: https://www.google.com/search?q=site%3A.de%20immobilier%20agence%20Germany&start=30
2025-05-24 10:27:08,260 - INFO - Найдено 23 ссылок для Germany через Google
2025-05-24 10:27:18,212 - INFO - Запрос к Google: https://www.google.com/search?q=site%3A.de%20immobilier%20agence%20Germany&start=40
2025-05-24 10:27:18,902 - INFO - Найдено 23 ссылок для Germany через Google
2025-05-24 10:27:24,904 - INFO - Запрос к Google: https://www.google.com/search?q=site%3A.de%20agence%20immobili%C3%A8re%20Germany&start=0
2025-05-24 10:27:25,637 - INFO - Найдено 23 ссылок для Germany через Google
2025-05-24 10:27:32,784 - INFO - Запрос к Google: https://www.google.com/search?q=site%3A.de%20agence%20immobili%C3%A8re%20Germany&start=10
2025-05-24 10:27:33,374 - INFO - Найдено 23 ссылок для Germany через Google
2025-05-24 10:27:40,472 - INFO - Запрос к Google: https://www.google.com/search?q=site%3A.de%20agence%20immobili%C3%A8re%20Germany&start=20
2025-05-24 10:27:41,231 - INFO - Найдено 23 ссылок для Germany через Google
2025-05-24 10:27:48,370 - INFO - Запрос к Google: https://www.google.com/search?q=site%3A.de%20agence%20immobili%C3%A8re%20Germany&start=30
2025-05-24 10:27:49,140 - INFO - Найдено 23 ссылок для Germany через Google
2025-05-24 10:27:57,369 - INFO - Запрос к Google: https://www.google.com/search?q=site%3A.de%20agence%20immobili%C3%A8re%20Germany&start=40
2025-05-24 10:27:58,033 - INFO - Найдено 23 ссылок для Germany через Google
2025-05-24 10:28:07,739 - INFO - Запрос к Google: https://www.google.com/search?q=site%3A.de%20real%20estate%20agents%20Germany&start=0
2025-05-24 10:28:08,442 - INFO - Найдено 23 ссылок для Germany через Google
2025-05-24 10:28:15,270 - INFO - Запрос к Google: https://www.google.com/search?q=site%3A.de%20real%20estate%20agents%20Germany&start=10
2025-05-24 10:28:15,789 - INFO - Найдено 23 ссылок для Germany через Google
2025-05-24 10:28:25,481 - INFO - Запрос к Google: https://www.google.com/search?q=site%3A.de%20real%20estate%20agents%20Germany&start=20
2025-05-24 13:25:10,522 - INFO - База данных инициализирована
2025-05-24 13:25:10,522 - INFO - Файл parser.log доступен для записи
2025-05-24 13:25:10,523 - INFO - Загружено 0 email и 0 телефонов из базы
2025-05-24 13:25:10,524 - INFO - Обновление списка URL...
2025-05-24 13:25:10,524 - INFO - Загружено 0 обработанных URL
2025-05-24 13:25:10,524 - ERROR - Ошибка ScrapingBee для https://www.fnaim.fr/en/agencies: name 'quote' is not defined
2025-05-24 13:25:10,524 - INFO - Обработан каталог https://www.fnaim.fr/en/agencies, всего URL: 0
2025-05-24 13:25:10,524 - ERROR - Ошибка ScrapingBee для https://www.seloger.com/annonces/agences: name 'quote' is not defined
2025-05-24 13:25:10,524 - INFO - Обработан каталог https://www.seloger.com/annonces/agences, всего URL: 0
2025-05-24 13:25:10,524 - ERROR - Ошибка ScrapingBee для https://www.logic-immo.com/agences-immobilieres: name 'quote' is not defined
2025-05-24 13:25:10,524 - INFO - Обработан каталог https://www.logic-immo.com/agences-immobilieres, всего URL: 0
2025-05-24 13:25:10,524 - ERROR - Ошибка ScrapingBee для https://www.century21.fr: name 'quote' is not defined
2025-05-24 13:25:10,524 - INFO - Обработан каталог https://www.century21.fr, всего URL: 0
2025-05-24 13:25:10,524 - ERROR - Ошибка ScrapingBee для https://www.orpi.com: name 'quote' is not defined
2025-05-24 13:25:10,524 - INFO - Обработан каталог https://www.orpi.com, всего URL: 0
2025-05-24 13:25:10,524 - ERROR - Ошибка ScrapingBee для https://www.bienici.com/agences-immobilieres: name 'quote' is not defined
2025-05-24 13:25:10,524 - INFO - Обработан каталог https://www.bienici.com/agences-immobilieres, всего URL: 0
2025-05-24 13:25:10,524 - ERROR - Ошибка ScrapingBee для https://www.green-acres.fr/en/agencies: name 'quote' is not defined
2025-05-24 13:25:10,524 - INFO - Обработан каталог https://www.green-acres.fr/en/agencies, всего URL: 0
2025-05-24 13:25:10,524 - ERROR - Ошибка ScrapingBee для https://www.remax.com/en-us/agents: name 'quote' is not defined
2025-05-24 13:25:10,524 - INFO - Обработан каталог https://www.remax.com/en-us/agents, всего URL: 0
2025-05-24 13:25:10,524 - ERROR - Ошибка ScrapingBee для https://www.coldwellbanker.com/agents: name 'quote' is not defined
2025-05-24 13:25:10,524 - INFO - Обработан каталог https://www.coldwellbanker.com/agents, всего URL: 0
2025-05-24 13:25:10,524 - ERROR - Ошибка ScrapingBee для https://www.kw.com/agents: name 'quote' is not defined
2025-05-24 13:25:10,524 - INFO - Обработан каталог https://www.kw.com/agents, всего URL: 0
2025-05-24 13:25:10,524 - INFO - Итоговое количество ссылок: 0
2025-05-24 13:25:10,524 - INFO - Сгенерировано 0 новых URL: []...
2025-05-24 13:25:10,524 - WARNING - Нет доступных URL, завершение...
